生成启动时间为 2020/7/20 20:19:01。
     1>项目“E:\教学课件资料\数据结构大型实验任务\图书管理系统\图书管理系统\图书管理系统.vcxproj”在节点 2 上(build 个目标)。
       项目文件包含 ToolsVersion="15.0"。此工具集可能未知或缺失。在这种情况下，通过安装 MSBuild 的正确版本，或许可以解决此问题。否则，该 build 可能已因策略原因而被强制为某个特定 ToolsVersion。将该项目视为其已具有 ToolsVersion="4.0"。有关详细信息，请参阅 http://go.microsoft.com/fwlink/?LinkId=291333。
     1>InitializeBuildStatus:
         正在创建“Debug\图书管理系统.unsuccessfulbuild”，因为已指定“AlwaysCreate”。
       ClCompile:
         所有输出均为最新。
       Link:
         C:\Program Files (x86)\Microsoft Visual Studio 10.0\VC\bin\link.exe /ERRORREPORT:PROMPT /OUT:"E:\教学课件资料\数据结构大型实验任务\图书管理系统\Debug\图书管理系统.exe" /NOLOGO kernel32.lib user32.lib gdi32.lib winspool.lib comdlg32.lib advapi32.lib shell32.lib ole32.lib oleaut32.lib uuid.lib odbc32.lib odbccp32.lib /MANIFEST /ManifestFile:"Debug\图书管理系统.exe.intermediate.manifest" /MANIFESTUAC:"level='asInvoker' uiAccess='false'" /DEBUG /PDB:"E:\教学课件资料\数据结构大型实验任务\图书管理系统\Debug\图书管理系统.pdb" /TLBID:1 /DYNAMICBASE /NXCOMPAT /IMPLIB:"E:\教学课件资料\数据结构大型实验任务\图书管理系统\Debug\图书管理系统.lib" /MACHINE:X86 Debug\book.obj
         Debug\borrow.obj
         Debug\manage.obj
         Debug\reader.obj
         Debug\StaticTest.obj
         LINK : 没有找到 E:\教学课件资料\数据结构大型实验任务\图书管理系统\Debug\图书管理系统.exe 或上一个增量链接没有生成它；正在执行完全链接
         图书管理系统.vcxproj -> E:\教学课件资料\数据结构大型实验任务\图书管理系统\Debug\图书管理系统.exe
       Manifest:
         C:\Program Files (x86)\Microsoft SDKs\Windows\v7.0A\bin\mt.exe /nologo /verbose /outputresource:"E:\教学课件资料\数据结构大型实验任务\图书管理系统\Debug\图书管理系统.exe;#1" /manifest "Debug\图书管理系统.exe.intermediate.manifest"
       CopyFilesToOutputDirectory:
         正在将文件从“Debug\图书管理系统.pdb”复制到“E:\教学课件资料\数据结构大型实验任务\图书管理系统\Debug\图书管理系统.pdb”。
       FinalizeBuildStatus:
         正在删除文件“Debug\图书管理系统.unsuccessfulbuild”。
         正在对“Debug\图书管理系统.lastbuildstate”执行 Touch 任务。
     1>已完成生成项目“E:\教学课件资料\数据结构大型实验任务\图书管理系统\图书管理系统\图书管理系统.vcxproj”(build 个目标)的操作。

生成成功。

已用时间 00:00:01.56
